<?xml version="1.0" encoding="UTF-8"?>
<!-- Generated by org.testng.reporters.JUnitXMLReporter -->
<testsuite ignored="0" hostname="RAHUL" failures="0" tests="4" name="Default test" time="61.845" errors="0" timestamp="2024-12-13T12:06:03 IST">
  <testcase classname="P_DDF_Orange.DataDrivenTest_Orange" name="logintest" time="21.595"/>
  <testcase classname="P_DDF_Orange.DataDrivenTest_Orange" name="logintest" time="12.082"/>
  <testcase classname="P_DDF_Orange.DataDrivenTest_Orange" name="logintest" time="10.725"/>
  <testcase classname="P_DDF_Orange.DataDrivenTest_Orange" name="logintest" time="11.721"/>
</testsuite> <!-- Default test -->
